ERROR - 2024-06-03 02:53:38 --> mysqli_sql_exception: Duplicate entry '88888888' for key 'cl_documento' in /home/app/public_html/panstock/system/Database/MySQLi/Connection.php:295
Stack trace:
#0 /home/app/public_html/panstock/system/Database/MySQLi/Connection.php(295): mysqli->query('INSERT INTO `cl...', 0)
#1 /home/app/public_html/panstock/system/Database/BaseConnection.php(691): CodeIgniter\Database\MySQLi\Connection->execute('INSERT INTO `cl...')
#2 /home/app/public_html/panstock/system/Database/BaseConnection.php(605): CodeIgniter\Database\BaseConnection->simpleQuery('INSERT INTO `cl...')
#3 /home/app/public_html/panstock/system/Database/BaseBuilder.php(2309): CodeIgniter\Database\BaseConnection->query('INSERT INTO `cl...', Array, false)
#4 /home/app/public_html/panstock/system/Model.php(330): CodeIgniter\Database\BaseBuilder->insert()
#5 /home/app/public_html/panstock/system/BaseModel.php(782): CodeIgniter\Model->doInsert(Array)
#6 /home/app/public_html/panstock/system/Model.php(730): CodeIgniter\BaseModel->insert(Array, true)
#7 /home/app/public_html/panstock/app/Controllers/Clientes.php(129): CodeIgniter\Model->insert(Array)
#8 /home/app/public_html/panstock/system/CodeIgniter.php(934): App\Controllers\Clientes->create()
#9 /home/app/public_html/panstock/system/CodeIgniter.php(499): CodeIgniter\CodeIgniter->runController(Object(App\Controllers\Clientes))
#10 /home/app/public_html/panstock/system/CodeIgniter.php(368): CodeIgniter\CodeIgniter->handleRequest(NULL, Object(Config\Cache), false)
#11 /home/app/public_html/panstock/index.php(67): CodeIgniter\CodeIgniter->run()
#12 {main}
CRITICAL - 2024-06-03 02:53:38 --> Duplicate entry '88888888' for key 'cl_documento'
in SYSTEMPATH/Database/MySQLi/Connection.php on line 295.
 1 SYSTEMPATH/Database/MySQLi/Connection.php(295): mysqli->query('INSERT INTO `clientes` (`cl_nombre`, `cl_apellido`, `cl_documento`, `td_id`, `cl_telefono`, `cl_email`) VALUES (\'Ruben\', \'Díaz\', \'88888888\', \'6\', \'888888888\', \'ana@example.com\')', 0)
 2 SYSTEMPATH/Database/BaseConnection.php(691): CodeIgniter\Database\MySQLi\Connection->execute('INSERT INTO `clientes` (`cl_nombre`, `cl_apellido`, `cl_documento`, `td_id`, `cl_telefono`, `cl_email`) VALUES (\'Ruben\', \'Díaz\', \'88888888\', \'6\', \'888888888\', \'ana@example.com\')')
 3 SYSTEMPATH/Database/BaseConnection.php(605): CodeIgniter\Database\BaseConnection->simpleQuery('INSERT INTO `clientes` (`cl_nombre`, `cl_apellido`, `cl_documento`, `td_id`, `cl_telefono`, `cl_email`) VALUES (\'Ruben\', \'Díaz\', \'88888888\', \'6\', \'888888888\', \'ana@example.com\')')
 4 SYSTEMPATH/Database/BaseBuilder.php(2309): CodeIgniter\Database\BaseConnection->query('INSERT INTO `clientes` (`cl_nombre`, `cl_apellido`, `cl_documento`, `td_id`, `cl_telefono`, `cl_email`) VALUES (:cl_nombre:, :cl_apellido:, :cl_documento:, :td_id:, :cl_telefono:, :cl_email:)', [...], false)
 5 SYSTEMPATH/Model.php(330): CodeIgniter\Database\BaseBuilder->insert()
 6 SYSTEMPATH/BaseModel.php(782): CodeIgniter\Model->doInsert([...])
 7 SYSTEMPATH/Model.php(730): CodeIgniter\BaseModel->insert([...], true)
 8 APPPATH/Controllers/Clientes.php(129): CodeIgniter\Model->insert([...])
 9 SYSTEMPATH/CodeIgniter.php(934): App\Controllers\Clientes->create()
10 SYSTEMPATH/CodeIgniter.php(499): CodeIgniter\CodeIgniter->runController(Object(App\Controllers\Clientes))
11 SYSTEMPATH/CodeIgniter.php(368): CodeIgniter\CodeIgniter->handleRequest(null, Object(Config\Cache), false)
12 FCPATH/index.php(67): CodeIgniter\CodeIgniter->run()
ERROR - 2024-06-03 02:56:06 --> mysqli_sql_exception: Duplicate entry 'ana@example.com' for key 'cl_email' in /home/app/public_html/panstock/system/Database/MySQLi/Connection.php:295
Stack trace:
#0 /home/app/public_html/panstock/system/Database/MySQLi/Connection.php(295): mysqli->query('INSERT INTO `cl...', 0)
#1 /home/app/public_html/panstock/system/Database/BaseConnection.php(691): CodeIgniter\Database\MySQLi\Connection->execute('INSERT INTO `cl...')
#2 /home/app/public_html/panstock/system/Database/BaseConnection.php(605): CodeIgniter\Database\BaseConnection->simpleQuery('INSERT INTO `cl...')
#3 /home/app/public_html/panstock/system/Database/BaseBuilder.php(2309): CodeIgniter\Database\BaseConnection->query('INSERT INTO `cl...', Array, false)
#4 /home/app/public_html/panstock/system/Model.php(330): CodeIgniter\Database\BaseBuilder->insert()
#5 /home/app/public_html/panstock/system/BaseModel.php(782): CodeIgniter\Model->doInsert(Array)
#6 /home/app/public_html/panstock/system/Model.php(730): CodeIgniter\BaseModel->insert(Array, true)
#7 /home/app/public_html/panstock/app/Controllers/Clientes.php(129): CodeIgniter\Model->insert(Array)
#8 /home/app/public_html/panstock/system/CodeIgniter.php(934): App\Controllers\Clientes->create()
#9 /home/app/public_html/panstock/system/CodeIgniter.php(499): CodeIgniter\CodeIgniter->runController(Object(App\Controllers\Clientes))
#10 /home/app/public_html/panstock/system/CodeIgniter.php(368): CodeIgniter\CodeIgniter->handleRequest(NULL, Object(Config\Cache), false)
#11 /home/app/public_html/panstock/index.php(67): CodeIgniter\CodeIgniter->run()
#12 {main}
CRITICAL - 2024-06-03 02:56:06 --> Duplicate entry 'ana@example.com' for key 'cl_email'
in SYSTEMPATH/Database/MySQLi/Connection.php on line 295.
 1 SYSTEMPATH/Database/MySQLi/Connection.php(295): mysqli->query('INSERT INTO `clientes` (`cl_nombre`, `cl_apellido`, `cl_documento`, `td_id`, `cl_telefono`, `cl_email`) VALUES (\'Ruben\', \'Díaz\', \'74129638\', \'9\', \'123059753\', \'ana@example.com\')', 0)
 2 SYSTEMPATH/Database/BaseConnection.php(691): CodeIgniter\Database\MySQLi\Connection->execute('INSERT INTO `clientes` (`cl_nombre`, `cl_apellido`, `cl_documento`, `td_id`, `cl_telefono`, `cl_email`) VALUES (\'Ruben\', \'Díaz\', \'74129638\', \'9\', \'123059753\', \'ana@example.com\')')
 3 SYSTEMPATH/Database/BaseConnection.php(605): CodeIgniter\Database\BaseConnection->simpleQuery('INSERT INTO `clientes` (`cl_nombre`, `cl_apellido`, `cl_documento`, `td_id`, `cl_telefono`, `cl_email`) VALUES (\'Ruben\', \'Díaz\', \'74129638\', \'9\', \'123059753\', \'ana@example.com\')')
 4 SYSTEMPATH/Database/BaseBuilder.php(2309): CodeIgniter\Database\BaseConnection->query('INSERT INTO `clientes` (`cl_nombre`, `cl_apellido`, `cl_documento`, `td_id`, `cl_telefono`, `cl_email`) VALUES (:cl_nombre:, :cl_apellido:, :cl_documento:, :td_id:, :cl_telefono:, :cl_email:)', [...], false)
 5 SYSTEMPATH/Model.php(330): CodeIgniter\Database\BaseBuilder->insert()
 6 SYSTEMPATH/BaseModel.php(782): CodeIgniter\Model->doInsert([...])
 7 SYSTEMPATH/Model.php(730): CodeIgniter\BaseModel->insert([...], true)
 8 APPPATH/Controllers/Clientes.php(129): CodeIgniter\Model->insert([...])
 9 SYSTEMPATH/CodeIgniter.php(934): App\Controllers\Clientes->create()
10 SYSTEMPATH/CodeIgniter.php(499): CodeIgniter\CodeIgniter->runController(Object(App\Controllers\Clientes))
11 SYSTEMPATH/CodeIgniter.php(368): CodeIgniter\CodeIgniter->handleRequest(null, Object(Config\Cache), false)
12 FCPATH/index.php(67): CodeIgniter\CodeIgniter->run()
ERROR - 2024-06-03 02:57:58 --> mysqli_sql_exception: Duplicate entry 'ana@example.com' for key 'cl_email' in /home/app/public_html/panstock/system/Database/MySQLi/Connection.php:295
Stack trace:
#0 /home/app/public_html/panstock/system/Database/MySQLi/Connection.php(295): mysqli->query('INSERT INTO `cl...', 0)
#1 /home/app/public_html/panstock/system/Database/BaseConnection.php(691): CodeIgniter\Database\MySQLi\Connection->execute('INSERT INTO `cl...')
#2 /home/app/public_html/panstock/system/Database/BaseConnection.php(605): CodeIgniter\Database\BaseConnection->simpleQuery('INSERT INTO `cl...')
#3 /home/app/public_html/panstock/system/Database/BaseBuilder.php(2309): CodeIgniter\Database\BaseConnection->query('INSERT INTO `cl...', Array, false)
#4 /home/app/public_html/panstock/system/Model.php(330): CodeIgniter\Database\BaseBuilder->insert()
#5 /home/app/public_html/panstock/system/BaseModel.php(782): CodeIgniter\Model->doInsert(Array)
#6 /home/app/public_html/panstock/system/Model.php(730): CodeIgniter\BaseModel->insert(Array, true)
#7 /home/app/public_html/panstock/app/Controllers/Clientes.php(129): CodeIgniter\Model->insert(Array)
#8 /home/app/public_html/panstock/system/CodeIgniter.php(934): App\Controllers\Clientes->create()
#9 /home/app/public_html/panstock/system/CodeIgniter.php(499): CodeIgniter\CodeIgniter->runController(Object(App\Controllers\Clientes))
#10 /home/app/public_html/panstock/system/CodeIgniter.php(368): CodeIgniter\CodeIgniter->handleRequest(NULL, Object(Config\Cache), false)
#11 /home/app/public_html/panstock/index.php(67): CodeIgniter\CodeIgniter->run()
#12 {main}
CRITICAL - 2024-06-03 02:57:58 --> Duplicate entry 'ana@example.com' for key 'cl_email'
in SYSTEMPATH/Database/MySQLi/Connection.php on line 295.
 1 SYSTEMPATH/Database/MySQLi/Connection.php(295): mysqli->query('INSERT INTO `clientes` (`cl_nombre`, `cl_apellido`, `cl_documento`, `td_id`, `cl_telefono`, `cl_email`) VALUES (\'Ruben\', \'Díaz\', \'71068509\', \'7\', \'453741067\', \'ana@example.com\')', 0)
 2 SYSTEMPATH/Database/BaseConnection.php(691): CodeIgniter\Database\MySQLi\Connection->execute('INSERT INTO `clientes` (`cl_nombre`, `cl_apellido`, `cl_documento`, `td_id`, `cl_telefono`, `cl_email`) VALUES (\'Ruben\', \'Díaz\', \'71068509\', \'7\', \'453741067\', \'ana@example.com\')')
 3 SYSTEMPATH/Database/BaseConnection.php(605): CodeIgniter\Database\BaseConnection->simpleQuery('INSERT INTO `clientes` (`cl_nombre`, `cl_apellido`, `cl_documento`, `td_id`, `cl_telefono`, `cl_email`) VALUES (\'Ruben\', \'Díaz\', \'71068509\', \'7\', \'453741067\', \'ana@example.com\')')
 4 SYSTEMPATH/Database/BaseBuilder.php(2309): CodeIgniter\Database\BaseConnection->query('INSERT INTO `clientes` (`cl_nombre`, `cl_apellido`, `cl_documento`, `td_id`, `cl_telefono`, `cl_email`) VALUES (:cl_nombre:, :cl_apellido:, :cl_documento:, :td_id:, :cl_telefono:, :cl_email:)', [...], false)
 5 SYSTEMPATH/Model.php(330): CodeIgniter\Database\BaseBuilder->insert()
 6 SYSTEMPATH/BaseModel.php(782): CodeIgniter\Model->doInsert([...])
 7 SYSTEMPATH/Model.php(730): CodeIgniter\BaseModel->insert([...], true)
 8 APPPATH/Controllers/Clientes.php(129): CodeIgniter\Model->insert([...])
 9 SYSTEMPATH/CodeIgniter.php(934): App\Controllers\Clientes->create()
10 SYSTEMPATH/CodeIgniter.php(499): CodeIgniter\CodeIgniter->runController(Object(App\Controllers\Clientes))
11 SYSTEMPATH/CodeIgniter.php(368): CodeIgniter\CodeIgniter->handleRequest(null, Object(Config\Cache), false)
12 FCPATH/index.php(67): CodeIgniter\CodeIgniter->run()
ERROR - 2024-06-03 03:00:38 --> mysqli_sql_exception: Duplicate entry 'ana@example.com' for key 'cl_email' in /home/app/public_html/panstock/system/Database/MySQLi/Connection.php:295
Stack trace:
#0 /home/app/public_html/panstock/system/Database/MySQLi/Connection.php(295): mysqli->query('INSERT INTO `cl...', 0)
#1 /home/app/public_html/panstock/system/Database/BaseConnection.php(691): CodeIgniter\Database\MySQLi\Connection->execute('INSERT INTO `cl...')
#2 /home/app/public_html/panstock/system/Database/BaseConnection.php(605): CodeIgniter\Database\BaseConnection->simpleQuery('INSERT INTO `cl...')
#3 /home/app/public_html/panstock/system/Database/BaseBuilder.php(2309): CodeIgniter\Database\BaseConnection->query('INSERT INTO `cl...', Array, false)
#4 /home/app/public_html/panstock/system/Model.php(330): CodeIgniter\Database\BaseBuilder->insert()
#5 /home/app/public_html/panstock/system/BaseModel.php(782): CodeIgniter\Model->doInsert(Array)
#6 /home/app/public_html/panstock/system/Model.php(730): CodeIgniter\BaseModel->insert(Array, true)
#7 /home/app/public_html/panstock/app/Controllers/Clientes.php(129): CodeIgniter\Model->insert(Array)
#8 /home/app/public_html/panstock/system/CodeIgniter.php(934): App\Controllers\Clientes->create()
#9 /home/app/public_html/panstock/system/CodeIgniter.php(499): CodeIgniter\CodeIgniter->runController(Object(App\Controllers\Clientes))
#10 /home/app/public_html/panstock/system/CodeIgniter.php(368): CodeIgniter\CodeIgniter->handleRequest(NULL, Object(Config\Cache), false)
#11 /home/app/public_html/panstock/index.php(67): CodeIgniter\CodeIgniter->run()
#12 {main}
CRITICAL - 2024-06-03 03:00:38 --> Duplicate entry 'ana@example.com' for key 'cl_email'
in SYSTEMPATH/Database/MySQLi/Connection.php on line 295.
 1 SYSTEMPATH/Database/MySQLi/Connection.php(295): mysqli->query('INSERT INTO `clientes` (`cl_nombre`, `cl_apellido`, `cl_documento`, `td_id`, `cl_telefono`, `cl_email`) VALUES (\'Ruben\', \'Díaz\', \'12345752\', \'10\', \'085316752\', \'ana@example.com\')', 0)
 2 SYSTEMPATH/Database/BaseConnection.php(691): CodeIgniter\Database\MySQLi\Connection->execute('INSERT INTO `clientes` (`cl_nombre`, `cl_apellido`, `cl_documento`, `td_id`, `cl_telefono`, `cl_email`) VALUES (\'Ruben\', \'Díaz\', \'12345752\', \'10\', \'085316752\', \'ana@example.com\')')
 3 SYSTEMPATH/Database/BaseConnection.php(605): CodeIgniter\Database\BaseConnection->simpleQuery('INSERT INTO `clientes` (`cl_nombre`, `cl_apellido`, `cl_documento`, `td_id`, `cl_telefono`, `cl_email`) VALUES (\'Ruben\', \'Díaz\', \'12345752\', \'10\', \'085316752\', \'ana@example.com\')')
 4 SYSTEMPATH/Database/BaseBuilder.php(2309): CodeIgniter\Database\BaseConnection->query('INSERT INTO `clientes` (`cl_nombre`, `cl_apellido`, `cl_documento`, `td_id`, `cl_telefono`, `cl_email`) VALUES (:cl_nombre:, :cl_apellido:, :cl_documento:, :td_id:, :cl_telefono:, :cl_email:)', [...], false)
 5 SYSTEMPATH/Model.php(330): CodeIgniter\Database\BaseBuilder->insert()
 6 SYSTEMPATH/BaseModel.php(782): CodeIgniter\Model->doInsert([...])
 7 SYSTEMPATH/Model.php(730): CodeIgniter\BaseModel->insert([...], true)
 8 APPPATH/Controllers/Clientes.php(129): CodeIgniter\Model->insert([...])
 9 SYSTEMPATH/CodeIgniter.php(934): App\Controllers\Clientes->create()
10 SYSTEMPATH/CodeIgniter.php(499): CodeIgniter\CodeIgniter->runController(Object(App\Controllers\Clientes))
11 SYSTEMPATH/CodeIgniter.php(368): CodeIgniter\CodeIgniter->handleRequest(null, Object(Config\Cache), false)
12 FCPATH/index.php(67): CodeIgniter\CodeIgniter->run()
